<?xml version="1.0" encoding="UTF-8"?>
<!-- Generated by org.testng.reporters.JUnitReportReporter -->
<testsuite hostname="a-PC" name="com.qtpselenium.facebook.pom.testcases.ChangePasswordTest" tests="1" failures="0" timestamp="21 May 2016 11:44:43 GMT" time="69.756" errors="0">
  <testcase name="changePasswordTest" time="69.756" classname="com.qtpselenium.facebook.pom.testcases.ChangePasswordTest"/>
</testsuite> <!-- com.qtpselenium.facebook.pom.testcases.ChangePasswordTest -->
